<?xml version="1.0" encoding="UTF-8"?>
<!-- Generated by org.testng.reporters.JUnitXMLReporter -->
<testsuite ignored="0" hostname="Shubhank" failures="0" tests="10" name="Negative Tests — All Modules" time="86.759" errors="0" timestamp="2026-06-12T02:19:24 IST">
  <testcase classname="testcases.NegativeTest" name="bug_LoginWithInvalidCredentials" time="11.103"/>
  <testcase classname="testcases.NegativeTest" name="bug_LoginWithInvalidCredentials" time="20.58"/>
  <testcase classname="testcases.NegativeTest" name="bug_LoginWithInvalidCredentials" time="11.043"/>
  <testcase classname="testcases.NegativeTest" name="bug001_transferFundsAllowsNegativeAmount" time="5.071"/>
  <testcase classname="testcases.NegativeTest" name="bug002_billPaymentAllowsNegativeAmount" time="2.75"/>
  <testcase classname="testcases.NegativeTest" name="bug003_transferFundsAllowsSameSourceAndDestinationAccount" time="2.241"/>
  <testcase classname="testcases.NegativeTest" name="bug004_billPayAcceptsMismatchedAccountNumbers" time="17.389"/>
  <testcase classname="testcases.NegativeTest" name="bug005_transferFundsAllowsZeroAmount" time="2.557"/>
  <testcase classname="testcases.NegativeTest" name="bug006_loanApprovedWithNegativeDownPayment" time="2.597"/>
  <testcase classname="testcases.NegativeTest" name="bug007_accountBalanceGoesNegativeAfterLoanDownPayment" time="2.044"/>
</testsuite> <!-- Negative Tests — All Modules -->
