<?xml version="1.0" encoding="UTF-8"?>
<!-- Generated by org.testng.reporters.JUnitXMLReporter -->
<testsuite ignored="0" hostname="Shubhank" failures="9" tests="10" name="Negative Tests — All Modules" time="233.923" errors="0" timestamp="2026-06-13T00:06:22 IST">
  <testcase classname="base.BaseTest" name="@AfterMethod tearDown" time="0.001">
    <failure type="org.openqa.selenium.NoSuchSessionException" message="invalid session id
Build info: version: &amp;apos;4.25.0&amp;apos;, revision: &amp;apos;8a8aea2337&amp;apos;
System info: os.name: &amp;apos;Windows 11&amp;apos;, os.arch: &amp;apos;amd64&amp;apos;, os.version: &amp;apos;10.0&amp;apos;, java.version: &amp;apos;17.0.12&amp;apos;
Driver info: org.openqa.selenium.chrome.ChromeDriver
Command: [998484293254fde6a9e5e215fc513ea3, screenshot {}]
Capabilities {acceptInsecureCerts: false, browserName: chrome, browserVersion: 149.0.7827.104, chrome: {chromedriverVersion: 149.0.7827.115 (daf70f9ddee..., userDataDir: C:\Users\Shubhank\AppData\L...}, fedcm:accounts: true, goog:chromeOptions: {debuggerAddress: localhost:59191}, goog:processID: 16972, networkConnectionEnabled: false, pageLoadStrategy: normal, platformName: windows, proxy: Proxy(), se:cdp: ws://localhost:59191/devtoo..., se:cdpVersion: 149.0.7827.104, setWindowRect: true, strictFileInteractability: false, timeouts: {implicit: 0, pageLoad: 300000, script: 30000}, unhandledPromptBehavior: dismiss and notify, webauthn:extension:credBlob: true, webauthn:extension:largeBlob: true, webauthn:extension:minPinLength: true, webauthn:extension:prf: true, webauthn:virtualAuthenticators: true}
Session ID: 998484293254fde6a9e5e215fc513ea3">
      <![CDATA[org.openqa.selenium.NoSuchSessionException: invalid session id
Build info: version: '4.25.0', revision: '8a8aea2337'
System info: os.name: 'Windows 11', os.arch: 'amd64', os.version: '10.0', java.version: '17.0.12'
Driver info: org.openqa.selenium.chrome.ChromeDriver
Command: [998484293254fde6a9e5e215fc513ea3, screenshot {}]
Capabilities {acceptInsecureCerts: false, browserName: chrome, browserVersion: 149.0.7827.104, chrome: {chromedriverVersion: 149.0.7827.115 (daf70f9ddee..., userDataDir: C:\Users\Shubhank\AppData\L...}, fedcm:accounts: true, goog:chromeOptions: {debuggerAddress: localhost:59191}, goog:processID: 16972, networkConnectionEnabled: false, pageLoadStrategy: normal, platformName: windows, proxy: Proxy(), se:cdp: ws://localhost:59191/devtoo..., se:cdpVersion: 149.0.7827.104, setWindowRect: true, strictFileInteractability: false, timeouts: {implicit: 0, pageLoad: 300000, script: 30000}, unhandledPromptBehavior: dismiss and notify, webauthn:extension:credBlob: true, webauthn:extension:largeBlob: true, webauthn:extension:minPinLength: true, webauthn:extension:prf: true, webauthn:virtualAuthenticators: true}
Session ID: 998484293254fde6a9e5e215fc513ea3
at org.openqa.selenium.remote.ErrorCodec.decode(ErrorCodec.java:167)
at org.openqa.selenium.remote.codec.w3c.W3CHttpResponseCodec.decode(W3CHttpResponseCodec.java:138)
at org.openqa.selenium.remote.codec.w3c.W3CHttpResponseCodec.decode(W3CHttpResponseCodec.java:50)
at org.openqa.selenium.remote.HttpCommandExecutor.execute(HttpCommandExecutor.java:190)
at org.openqa.selenium.remote.service.DriverCommandExecutor.invokeExecute(DriverCommandExecutor.java:216)
at org.openqa.selenium.remote.service.DriverCommandExecutor.execute(DriverCommandExecutor.java:174)
at org.openqa.selenium.remote.RemoteWebDriver.execute(RemoteWebDriver.java:545)
at org.openqa.selenium.remote.RemoteWebDriver.execute(RemoteWebDriver.java:618)
at org.openqa.selenium.remote.RemoteWebDriver.execute(RemoteWebDriver.java:622)
at org.openqa.selenium.remote.RemoteWebDriver.getScreenshotAs(RemoteWebDriver.java:334)
at utilities.ScreenShotUtils.takeScreenshot(ScreenShotUtils.java:21)
at base.BaseTest.tearDown(BaseTest.java:83)
at java.base/java.util.ArrayList.forEach(ArrayList.java:1511)
... Removed 37 stack frames]]>
    </failure>
  </testcase> <!-- @AfterMethod tearDown -->
  <testcase classname="testcases.NegativeTest" name="bug_LoginWithInvalidCredentials" time="33.486">
    <failure type="java.lang.AssertionError" message="The following asserts failed:
	DEFECT — No error message shown for: Invalid username and password expected [true] but found [false]">
      <![CDATA[java.lang.AssertionError: The following asserts failed:
DEFECT — No error message shown for: Invalid username and password expected [true] but found [false]
at testcases.NegativeTest.bug_LoginWithInvalidCredentials(NegativeTest.java:174)
at java.base/java.util.ArrayList.forEach(ArrayList.java:1511)
... Removed 29 stack frames]]>
    </failure>
  </testcase> <!-- bug_LoginWithInvalidCredentials -->
  <testcase classname="testcases.NegativeTest" name="bug_LoginWithInvalidCredentials" time="22.361"/>
  <testcase classname="testcases.NegativeTest" name="bug_LoginWithInvalidCredentials" time="33.283">
    <failure type="java.lang.AssertionError" message="The following asserts failed:
	DEFECT — No error message shown for: Valid username, wrong password expected [true] but found [false]">
      <![CDATA[java.lang.AssertionError: The following asserts failed:
DEFECT — No error message shown for: Valid username, wrong password expected [true] but found [false]
at testcases.NegativeTest.bug_LoginWithInvalidCredentials(NegativeTest.java:174)
at java.base/java.util.ArrayList.forEach(ArrayList.java:1511)
... Removed 29 stack frames]]>
    </failure>
  </testcase> <!-- bug_LoginWithInvalidCredentials -->
  <testcase classname="testcases.NegativeTest" name="bug001_transferFundsAllowsNegativeAmount" time="18.745">
    <failure type="java.lang.AssertionError" message="Login failed for negative test user expected [true] but found [false]">
      <![CDATA[java.lang.AssertionError: Login failed for negative test user expected [true] but found [false]
at testcases.NegativeTest.loginNegativeUser(NegativeTest.java:114)
at testcases.NegativeTest.bug001_transferFundsAllowsNegativeAmount(NegativeTest.java:190)
at java.base/java.util.ArrayList.forEach(ArrayList.java:1511)
... Removed 30 stack frames]]>
    </failure>
  </testcase> <!-- bug001_transferFundsAllowsNegativeAmount -->
  <testcase classname="testcases.NegativeTest" name="bug002_billPaymentAllowsNegativeAmount" time="16.082">
    <failure type="java.lang.AssertionError" message="Login failed for negative test user expected [true] but found [false]">
      <![CDATA[java.lang.AssertionError: Login failed for negative test user expected [true] but found [false]
at testcases.NegativeTest.loginNegativeUser(NegativeTest.java:114)
at testcases.NegativeTest.bug002_billPaymentAllowsNegativeAmount(NegativeTest.java:239)
at java.base/java.util.ArrayList.forEach(ArrayList.java:1511)
... Removed 30 stack frames]]>
    </failure>
  </testcase> <!-- bug002_billPaymentAllowsNegativeAmount -->
  <testcase classname="testcases.NegativeTest" name="bug003_transferFundsAllowsSameSourceAndDestinationAccount" time="16.308">
    <failure type="java.lang.AssertionError" message="Login failed for negative test user expected [true] but found [false]">
      <![CDATA[java.lang.AssertionError: Login failed for negative test user expected [true] but found [false]
at testcases.NegativeTest.loginNegativeUser(NegativeTest.java:114)
at testcases.NegativeTest.bug003_transferFundsAllowsSameSourceAndDestinationAccount(NegativeTest.java:290)
at java.base/java.util.ArrayList.forEach(ArrayList.java:1511)
... Removed 30 stack frames]]>
    </failure>
  </testcase> <!-- bug003_transferFundsAllowsSameSourceAndDestinationAccount -->
  <testcase classname="testcases.NegativeTest" name="bug004_billPayAcceptsMismatchedAccountNumbers" time="14.043">
    <failure type="java.lang.AssertionError" message="Login failed for negative test user expected [true] but found [false]">
      <![CDATA[java.lang.AssertionError: Login failed for negative test user expected [true] but found [false]
at testcases.NegativeTest.loginNegativeUser(NegativeTest.java:114)
at testcases.NegativeTest.bug004_billPayAcceptsMismatchedAccountNumbers(NegativeTest.java:335)
at java.base/java.util.ArrayList.forEach(ArrayList.java:1511)
... Removed 30 stack frames]]>
    </failure>
  </testcase> <!-- bug004_billPayAcceptsMismatchedAccountNumbers -->
  <testcase classname="testcases.NegativeTest" name="bug005_transferFundsAllowsZeroAmount" time="14.696">
    <failure type="java.lang.AssertionError" message="Login failed for negative test user expected [true] but found [false]">
      <![CDATA[java.lang.AssertionError: Login failed for negative test user expected [true] but found [false]
at testcases.NegativeTest.loginNegativeUser(NegativeTest.java:114)
at testcases.NegativeTest.bug005_transferFundsAllowsZeroAmount(NegativeTest.java:393)
at java.base/java.util.ArrayList.forEach(ArrayList.java:1511)
... Removed 30 stack frames]]>
    </failure>
  </testcase> <!-- bug005_transferFundsAllowsZeroAmount -->
  <testcase classname="testcases.NegativeTest" name="bug006_loanApprovedWithNegativeDownPayment" time="13.972">
    <failure type="java.lang.AssertionError" message="Login failed for negative test user expected [true] but found [false]">
      <![CDATA[java.lang.AssertionError: Login failed for negative test user expected [true] but found [false]
at testcases.NegativeTest.loginNegativeUser(NegativeTest.java:114)
at testcases.NegativeTest.bug006_loanApprovedWithNegativeDownPayment(NegativeTest.java:452)
at java.base/java.util.ArrayList.forEach(ArrayList.java:1511)
... Removed 30 stack frames]]>
    </failure>
  </testcase> <!-- bug006_loanApprovedWithNegativeDownPayment -->
  <testcase classname="testcases.NegativeTest" name="bug007_accountBalanceGoesNegativeAfterLoanDownPayment" time="9.971">
    <failure type="java.lang.AssertionError" message="Login failed for negative test user expected [true] but found [false]">
      <![CDATA[java.lang.AssertionError: Login failed for negative test user expected [true] but found [false]
at testcases.NegativeTest.loginNegativeUser(NegativeTest.java:114)
at testcases.NegativeTest.bug007_accountBalanceGoesNegativeAfterLoanDownPayment(NegativeTest.java:524)
at java.base/java.util.ArrayList.forEach(ArrayList.java:1511)
... Removed 30 stack frames]]>
    </failure>
  </testcase> <!-- bug007_accountBalanceGoesNegativeAfterLoanDownPayment -->
</testsuite> <!-- Negative Tests — All Modules -->
