<?xml version="1.0" encoding="UTF-8"?>
<!-- Generated by org.testng.reporters.JUnitXMLReporter -->
<testsuite ignored="7" hostname="Shubhank" failures="0" tests="1" name="Default test" time="5.028" errors="0" timestamp="2026-06-11T16:40:27 IST">
  <testcase classname="testcases.NegativeTest" name="bug007_accountBalanceGoesNegativeAfterLoanDownPayment" time="3.693"/>
  <testcase classname="testcases.NegativeTest" name="bug005_transferFundsAllowsZeroAmount" time="0.0">
    <ignored/>
  </testcase> <!-- bug005_transferFundsAllowsZeroAmount -->
  <testcase classname="testcases.NegativeTest" name="bug006_loanApprovedWithNegativeDownPayment" time="0.0">
    <ignored/>
  </testcase> <!-- bug006_loanApprovedWithNegativeDownPayment -->
  <testcase classname="testcases.NegativeTest" name="bug004_billPayAcceptsMismatchedAccountNumbers" time="0.0">
    <ignored/>
  </testcase> <!-- bug004_billPayAcceptsMismatchedAccountNumbers -->
  <testcase classname="testcases.NegativeTest" name="bug_LoginWithInvalidCredentials" time="0.0">
    <ignored/>
  </testcase> <!-- bug_LoginWithInvalidCredentials -->
  <testcase classname="testcases.NegativeTest" name="bug003_transferFundsAllowsSameSourceAndDestinationAccount" time="0.0">
    <ignored/>
  </testcase> <!-- bug003_transferFundsAllowsSameSourceAndDestinationAccount -->
  <testcase classname="testcases.NegativeTest" name="bug002_billPaymentAllowsNegativeAmount" time="0.0">
    <ignored/>
  </testcase> <!-- bug002_billPaymentAllowsNegativeAmount -->
  <testcase classname="testcases.NegativeTest" name="bug001_transferFundsAllowsNegativeAmount" time="0.0">
    <ignored/>
  </testcase> <!-- bug001_transferFundsAllowsNegativeAmount -->
</testsuite> <!-- Default test -->
