<?xml version="1.0" encoding="UTF-8"?>
<!-- Generated by org.testng.reporters.JUnitReportReporter -->
<testsuite hostname="Shubhank" failures="0" tests="10" name="testcases.NegativeTest" time="86.576" errors="0" timestamp="2026-06-12T02:19:24 IST" skipped="0">
  <testcase classname="testcases.NegativeTest" name="bug_LoginWithInvalidCredentials" time="21.454"/>
  <testcase classname="testcases.NegativeTest" name="bug_LoginWithInvalidCredentials" time="11.907"/>
  <testcase classname="testcases.NegativeTest" name="bug_LoginWithInvalidCredentials" time="11.976"/>
  <testcase classname="testcases.NegativeTest" name="bug001_transferFundsAllowsNegativeAmount" time="5.855"/>
  <testcase classname="testcases.NegativeTest" name="bug002_billPaymentAllowsNegativeAmount" time="3.654"/>
  <testcase classname="testcases.NegativeTest" name="bug003_transferFundsAllowsSameSourceAndDestinationAccount" time="3.601"/>
  <testcase classname="testcases.NegativeTest" name="bug004_billPayAcceptsMismatchedAccountNumbers" time="18.242"/>
  <testcase classname="testcases.NegativeTest" name="bug005_transferFundsAllowsZeroAmount" time="3.422"/>
  <testcase classname="testcases.NegativeTest" name="bug006_loanApprovedWithNegativeDownPayment" time="3.499"/>
  <testcase classname="testcases.NegativeTest" name="bug007_accountBalanceGoesNegativeAfterLoanDownPayment" time="2.966"/>
</testsuite> <!-- testcases.NegativeTest -->
